  K_Means.cpp
d:\projects\projecttomogr\projecttomogr\k_means.cpp(16): warning C4244: =: преобразование "wchar_t" в "char", возможна потеря данных
d:\projects\projecttomogr\projecttomogr\k_means.cpp(108): warning C4244: инициализация: преобразование "_Ty" в "int", возможна потеря данных
          with
          [
              _Ty=double
          ]
d:\projects\projecttomogr\projecttomogr\k_means.cpp(116): warning C4244: аргумент: преобразование "_Ty" в "int", возможна потеря данных
          with
          [
              _Ty=double
          ]
d:\projects\projecttomogr\projecttomogr\k_means.cpp(123): warning C4244: =: преобразование "double" в "_Tp", возможна потеря данных
          with
          [
              _Tp=float
          ]
d:\projects\projecttomogr\projecttomogr\k_means.cpp(203): warning C4244: аргумент: преобразование "_Ty" в "const unsigned __int64", возможна потеря данных
          with
          [
              _Ty=double
          ]
  ProjectTomogrDlg.cpp
d:\projects\projecttomogr\projecttomogr\projecttomogrdlg.cpp(196): warning C4244: =: преобразование "int" в "float", возможна потеря данных
d:\projects\projecttomogr\projecttomogr\projecttomogrdlg.cpp(224): warning C4244: =: преобразование "double" в "int", возможна потеря данных
d:\projects\projecttomogr\projecttomogr\projecttomogrdlg.cpp(251): warning C4244: =: преобразование "int" в "float", возможна потеря данных
d:\projects\projecttomogr\projecttomogr\projecttomogrdlg.cpp(278): warning C4244: =: преобразование "int" в "float", возможна потеря данных
d:\projects\projecttomogr\projecttomogr\projecttomogrdlg.cpp(305): warning C4244: =: преобразование "int" в "float", возможна потеря данных
d:\projects\projecttomogr\projecttomogr\projecttomogrdlg.cpp(333): warning C4305: инициализация: усечение из "__int64" в "int"
d:\projects\projecttomogr\projecttomogr\projecttomogrdlg.cpp(333): warning C4309: инициализация: усечение константного значения
d:\projects\projecttomogr\projecttomogr\projecttomogrdlg.cpp(369): warning C4305: =: усечение из "__int64" в "int"
d:\projects\projecttomogr\projecttomogr\projecttomogrdlg.cpp(369): warning C4309: =: усечение константного значения
d:\projects\projecttomogr\projecttomogr\projecttomogrdlg.cpp(395): warning C4244: =: преобразование "int" в "float", возможна потеря данных
d:\projects\projecttomogr\projecttomogr\projecttomogrdlg.cpp(428): warning C4244: аргумент: преобразование "float" в "int", возможна потеря данных
d:\projects\projecttomogr\projecttomogr\projecttomogrdlg.cpp(440): warning C4244: =: преобразование "_Ty" в "float", возможна потеря данных
          with
          [
              _Ty=double
          ]
d:\projects\projecttomogr\projecttomogr\projecttomogrdlg.cpp(461): warning C4244: =: преобразование "wchar_t" в "char", возможна потеря данных
d:\projects\projecttomogr\projecttomogr\projecttomogrdlg.cpp(556): warning C4244: =: преобразование "float" в "int", возможна потеря данных
d:\projects\projecttomogr\projecttomogr\projecttomogrdlg.cpp(591): warning C4244: =: преобразование "int" в "float", возможна потеря данных
  Создание кода
  38 of 913 functions ( 4.2%) were compiled, the rest were copied from previous compilation.
    33 functions were new in current compilation
    20 functions had inline decision re-evaluated but remain unchanged
  Создание кода завершено
  ProjectTomogr.vcxproj -> D:\Projects\ProjectTomogr\x64\Release\ProjectTomogr.exe
