d:\projects\projecttomogr\projecttomogr\x64\release\projecttomogr.pch
d:\projects\projecttomogr\projecttomogr\x64\release\vc141.pdb
d:\projects\projecttomogr\projecttomogr\x64\release\stdafx.obj
d:\projects\projecttomogr\projecttomogr\x64\release\projecttomogrdlg.obj
d:\projects\projecttomogr\projecttomogr\x64\release\projecttomogr.obj
d:\projects\projecttomogr\projecttomogr\x64\release\multiplymetod.obj
d:\projects\projecttomogr\projecttomogr\x64\release\filtration.obj
d:\projects\projecttomogr\projecttomogr\x64\release\draw.obj
d:\projects\projecttomogr\projecttomogr\x64\release\bproection.obj
d:\projects\projecttomogr\projecttomogr\x64\release\biinterpolation.obj
d:\projects\projecttomogr\projecttomogr\x64\release\array3d.obj
d:\projects\projecttomogr\x64\release\projecttomogr.exe
d:\projects\projecttomogr\x64\release\projecttomogr.pdb
d:\projects\projecttomogr\x64\release\projecttomogr.ipdb
d:\projects\projecttomogr\x64\release\projecttomogr.iobj
d:\projects\projecttomogr\projecttomogr\x64\release\projecttomogr.res
d:\projects\projecttomogr\projecttomogr\x64\release\projecttomogr.tlog\cl.command.1.tlog
d:\projects\projecttomogr\projecttomogr\x64\release\projecttomogr.tlog\cl.read.1.tlog
d:\projects\projecttomogr\projecttomogr\x64\release\projecttomogr.tlog\cl.write.1.tlog
d:\projects\projecttomogr\projecttomogr\x64\release\projecttomogr.tlog\link.command.1.tlog
d:\projects\projecttomogr\projecttomogr\x64\release\projecttomogr.tlog\link.read.1.tlog
d:\projects\projecttomogr\projecttomogr\x64\release\projecttomogr.tlog\link.write.1.tlog
d:\projects\projecttomogr\projecttomogr\x64\release\projecttomogr.tlog\projecttomogr.write.1u.tlog
d:\projects\projecttomogr\projecttomogr\x64\release\projecttomogr.tlog\rc.command.1.tlog
d:\projects\projecttomogr\projecttomogr\x64\release\projecttomogr.tlog\rc.read.1.tlog
d:\projects\projecttomogr\projecttomogr\x64\release\projecttomogr.tlog\rc.write.1.tlog
