d:\projects\projecttomogr\projecttomogr\debug\projecttomogr.pch
d:\projects\projecttomogr\projecttomogr\debug\vc141.pdb
d:\projects\projecttomogr\projecttomogr\debug\vc141.idb
d:\projects\projecttomogr\projecttomogr\debug\stdafx.obj
d:\projects\projecttomogr\projecttomogr\debug\projecttomogrdlg.obj
d:\projects\projecttomogr\projecttomogr\debug\projecttomogr.obj
d:\projects\projecttomogr\projecttomogr\debug\draw.obj
d:\projects\projecttomogr\projecttomogr\debug\bproection.obj
d:\projects\projecttomogr\projecttomogr\debug\biinterpolation.obj
d:\projects\projecttomogr\debug\projecttomogr.exe
d:\projects\projecttomogr\debug\projecttomogr.ilk
d:\projects\projecttomogr\debug\projecttomogr.pdb
d:\projects\projecttomogr\projecttomogr\debug\projecttomogr.res
d:\projects\projecttomogr\projecttomogr\debug\array3d.obj
d:\projects\projecttomogr\projecttomogr\debug\projecttomogr.tlog\cl.command.1.tlog
d:\projects\projecttomogr\projecttomogr\debug\projecttomogr.tlog\cl.read.1.tlog
d:\projects\projecttomogr\projecttomogr\debug\projecttomogr.tlog\cl.write.1.tlog
d:\projects\projecttomogr\projecttomogr\debug\projecttomogr.tlog\link.command.1.tlog
d:\projects\projecttomogr\projecttomogr\debug\projecttomogr.tlog\link.read.1.tlog
d:\projects\projecttomogr\projecttomogr\debug\projecttomogr.tlog\link.write.1.tlog
d:\projects\projecttomogr\projecttomogr\debug\projecttomogr.tlog\rc.command.1.tlog
d:\projects\projecttomogr\projecttomogr\debug\projecttomogr.tlog\rc.read.1.tlog
d:\projects\projecttomogr\projecttomogr\debug\projecttomogr.tlog\rc.write.1.tlog
